root@localhost:~# searched for
ls
root@localhost:~# searched for
cd
root@localhost:~# searched for
open
root@localhost:~# searched for
cp
root@localhost:~# searched for
mv
root@localhost:~# searched for
touch
root@localhost:~# searched for
mkdir
root@localhost:~# searched for
rmdir
root@localhost:~# searched for
rm -R
root@localhost:~# searched for
sudo
root@localhost:~# searched for
top
root@localhost:~# searched for
q
root@localhost:~# searched for
clear
root@localhost:~# searched for
ditto
root@localhost:~# searched for
whatis
root@localhost:~# searched for
man
root@localhost:~# searched for
exit
root@localhost:~# searched for
shortcuts run

