HTTP/1.1 200 OK
Server: localhost
Connection: Established
Content-Type: text/html




$1
IP: 127.0.0.1 PORT:80
Conection Established 
 


$2
IP: 127.0.0.1 PORT:80
Conection Established 
 


$3
IP: 127.0.0.1 PORT:80
Conection Established 
 


$4
IP: 127.0.0.1 PORT:80
Conection Established 
 


$5
IP: 127.0.0.1 PORT:80
Conection Established 
 


$6
IP: 127.0.0.1 PORT:80
Conection Established 
 


$7
IP: 127.0.0.1 PORT:80
Conection Established 
 


$8
IP: 127.0.0.1 PORT:80
Conection Established 
 
