
manual

$1

$2

$3

$4

$5

$6

$7

$8

morgansbyers

$9

$10

$11

$12

$13

$14

$15

$16

$17

$18

$19

$20

$21

about

input

output
profile: 127.0.0.1 
 
secure-form-answer+Human
logged in: 127.0.0.1 
 

video
profile: 127.0.0.1 
 
logged in: 127.0.0.1 
 

morgansbyers

morgansbyers

television

morgansbyers

morgansbyers

morgansbyers

morgansbyers

username

username

morgansbyers
profile: 127.0.0.1 
 
secure-form-answer+Human
logged in: 127.0.0.1 
 
logged in: 127.0.0.1 
 
profile: 127.0.0.1 
 
secure-form-answer+Human
logged in: 127.0.0.1 
 

morgansbyers
profile: 127.0.0.1 
 
secure-form-answer+Human
logged in: Human 
 

morgansbyers
profile:  
 
profile:  
 
profile:
 
profile:
 
profile:
 
logged in
 
secure-form-answer+Human
logged in: Human 
 

morgansbyers

Humanlogged in

morgansbyers
Humanis a Verified Human & is Logged in

morgansbyers

Humanis a Verified Human & is Logged in

morgansbyers

Human
verification complete<br>

morgansbyers

Human
verification complete<br>

morgansbyers

has Logged in

Human
verification complete<br>

morgansbyers

Human
verification complete<br>

morgansbyers

Human
verification complete<br>

morgansbyers

Human
verification complete<br>

test

are you human?

yes

no

maybe

$1

update

viewer

veiwer

examples
